2025-08-13 17:00:33,679 - data_analysis - ERROR - 数据库连接字符串编码错误: 'utf-8' codec can't decode byte 0xd6 in position 67: invalid continuation byte
2025-08-13 17:00:33,680 - data_analysis - INFO - 尝试使用备用连接字符串: postgresql://postgres:123456@localhost:5432/github_trending
2025-08-13 17:23:39,120 - data_analysis - INFO - 使用数据库连接字符串: postgresql://postgres:123456@localhost:5432/github...
2025-08-13 17:23:39,347 - data_analysis - ERROR - 数据库连接字符串编码错误: 'utf-8' codec can't decode byte 0xd6 in position 67: invalid continuation byte
2025-08-13 17:23:39,347 - data_analysis - INFO - 尝试使用备用连接字符串: postgresql://postgres:123456@localhost:5432/github_trending
2025-08-13 17:23:39,432 - data_analysis - ERROR - 备用连接也失败: 'utf-8' codec can't decode byte 0xd6 in position 67: invalid continuation byte
2025-08-13 17:33:35,956 - data_analysis - INFO - 使用数据库连接字符串: postgresql://postgres:123456@localhost:5432/github...
2025-08-13 17:33:36,061 - data_analysis - ERROR - 数据库连接字符串编码错误: 'utf-8' codec can't decode byte 0xd6 in position 67: invalid continuation byte
2025-08-13 17:33:36,061 - data_analysis - INFO - 尝试使用备用连接字符串: postgresql://postgres:123456@localhost:5432/github_trending
2025-08-13 17:33:36,151 - data_analysis - ERROR - 备用连接也失败: 'utf-8' codec can't decode byte 0xd6 in position 67: invalid continuation byte
2025-08-13 23:51:40,143 - data_analysis - INFO - 使用数据库连接字符串: postgresql://postgres:114514@...
2025-08-13 23:51:40,313 - data_analysis - INFO - 已更新任务 #56 状态: running, 进度: 85%
2025-08-13 23:51:40,313 - data_analysis - INFO - 从数据库加载关键词数据: ['clash']
2025-08-13 23:51:40,469 - data_analysis - INFO - 从数据库加载了 130 个仓库数据
2025-08-13 23:51:40,483 - data_analysis - INFO - 成功加载 130 条数据
2025-08-13 23:51:40,483 - data_analysis - INFO - 开始生成分析报告...
2025-08-13 23:51:40,483 - data_analysis - INFO - 生成综合分析报告...
2025-08-13 23:51:40,483 - data_analysis - INFO - 开始分析编程语言分布...
2025-08-13 23:51:40,485 - data_analysis - INFO - 语言分析完成，发现 7 种语言
2025-08-13 23:51:40,485 - data_analysis - INFO - 开始分析主题标签分布...
2025-08-13 23:51:40,485 - data_analysis - INFO - 主题分析完成，发现 0 个主题
2025-08-13 23:51:40,485 - data_analysis - INFO - 开始分析星数分布...
2025-08-13 23:51:40,485 - data_analysis - INFO - 星数分析完成
2025-08-13 23:51:40,485 - data_analysis - INFO - 开始分析创建时间趋势...
2025-08-13 23:51:40,487 - data_analysis - INFO - 创建时间趋势分析完成
2025-08-13 23:51:40,487 - data_analysis - INFO - 开始分析仓库大小分布...
2025-08-13 23:51:40,488 - data_analysis - INFO - 生成综合分析报告...
2025-08-13 23:51:40,488 - data_analysis - INFO - 开始分析编程语言分布...
2025-08-13 23:51:40,489 - data_analysis - INFO - 语言分析完成，发现 7 种语言
2025-08-13 23:51:40,489 - data_analysis - INFO - 开始分析主题标签分布...
2025-08-13 23:51:40,489 - data_analysis - INFO - 主题分析完成，发现 0 个主题
2025-08-13 23:51:40,489 - data_analysis - INFO - 开始分析星数分布...
2025-08-13 23:51:40,489 - data_analysis - INFO - 星数分析完成
2025-08-13 23:51:40,489 - data_analysis - INFO - 开始分析创建时间趋势...
2025-08-13 23:51:40,491 - data_analysis - INFO - 创建时间趋势分析完成
2025-08-13 23:51:40,491 - data_analysis - INFO - 开始分析仓库大小分布...
2025-08-13 23:51:40,492 - data_analysis - INFO - 分析结果已保存到: D:\ProJect\spiderGit\public\analytics\analysis_clash.json
2025-08-13 23:51:40,492 - data_analysis - INFO - 数据分析完成！结果保存到: D:\ProJect\spiderGit\public\analytics\analysis_clash.json
2025-08-13 23:51:40,493 - data_analysis - INFO - 已更新任务 #56 状态: completed, 进度: 100%
2025-08-14 00:02:19,437 - data_analysis - INFO - 使用数据库连接字符串: postgresql://postgres:114514@...
2025-08-14 00:02:20,552 - data_analysis - INFO - 已更新任务 #57 状态: running, 进度: 85%
2025-08-14 00:02:20,553 - data_analysis - INFO - 从数据库加载关键词数据: ['clash']
2025-08-14 00:02:20,822 - data_analysis - INFO - 从数据库加载了 130 个仓库数据
2025-08-14 00:02:20,841 - data_analysis - INFO - 成功加载 130 条数据
2025-08-14 00:02:20,841 - data_analysis - INFO - 开始生成分析报告...
2025-08-14 00:02:20,841 - data_analysis - INFO - 生成综合分析报告...
2025-08-14 00:02:20,841 - data_analysis - INFO - 开始分析编程语言分布...
2025-08-14 00:02:20,845 - data_analysis - INFO - 语言分析完成，发现 7 种语言
2025-08-14 00:02:20,846 - data_analysis - INFO - 开始分析主题标签分布...
2025-08-14 00:02:20,846 - data_analysis - INFO - 主题分析完成，发现 0 个主题
2025-08-14 00:02:20,846 - data_analysis - INFO - 开始分析星数分布...
2025-08-14 00:02:20,846 - data_analysis - INFO - 星数分析完成
2025-08-14 00:02:20,846 - data_analysis - INFO - 开始分析创建时间趋势...
2025-08-14 00:02:20,849 - data_analysis - INFO - 创建时间趋势分析完成
2025-08-14 00:02:20,849 - data_analysis - INFO - 开始分析仓库大小分布...
2025-08-14 00:02:20,850 - data_analysis - INFO - 生成综合分析报告...
2025-08-14 00:02:20,851 - data_analysis - INFO - 开始分析编程语言分布...
2025-08-14 00:02:20,851 - data_analysis - INFO - 语言分析完成，发现 7 种语言
2025-08-14 00:02:20,851 - data_analysis - INFO - 开始分析主题标签分布...
2025-08-14 00:02:20,851 - data_analysis - INFO - 主题分析完成，发现 0 个主题
2025-08-14 00:02:20,851 - data_analysis - INFO - 开始分析星数分布...
2025-08-14 00:02:20,852 - data_analysis - INFO - 星数分析完成
2025-08-14 00:02:20,852 - data_analysis - INFO - 开始分析创建时间趋势...
2025-08-14 00:02:20,853 - data_analysis - INFO - 创建时间趋势分析完成
2025-08-14 00:02:20,854 - data_analysis - INFO - 开始分析仓库大小分布...
2025-08-14 00:02:20,854 - data_analysis - INFO - 分析结果已保存到: D:\ProJect\spiderGit\public\analytics\analysis_clash.json
2025-08-14 00:02:20,855 - data_analysis - INFO - 数据分析完成！结果保存到: D:\ProJect\spiderGit\public\analytics\analysis_clash.json
2025-08-14 00:02:20,856 - data_analysis - INFO - 已更新任务 #57 状态: completed, 进度: 100%
2025-08-14 17:33:18,377 - data_analysis - INFO - 使用数据库连接字符串: postgresql://postgres:114514@...
2025-08-14 17:33:18,505 - data_analysis - INFO - 已更新任务 #58 状态: running, 进度: 85%
2025-08-14 17:33:18,505 - data_analysis - INFO - 从数据库加载关键词数据: ['111']
2025-08-14 17:33:18,609 - data_analysis - INFO - 从数据库加载了 20 个仓库数据
2025-08-14 17:33:18,613 - data_analysis - INFO - 成功加载 20 条数据
2025-08-14 17:33:18,613 - data_analysis - INFO - 开始生成分析报告...
2025-08-14 17:33:18,613 - data_analysis - INFO - 生成综合分析报告...
2025-08-14 17:33:18,613 - data_analysis - INFO - 开始分析编程语言分布...
2025-08-14 17:33:18,615 - data_analysis - INFO - 语言分析完成，发现 2 种语言
2025-08-14 17:33:18,615 - data_analysis - INFO - 开始分析主题标签分布...
2025-08-14 17:33:18,615 - data_analysis - INFO - 主题分析完成，发现 0 个主题
2025-08-14 17:33:18,615 - data_analysis - INFO - 开始分析星数分布...
2025-08-14 17:33:18,615 - data_analysis - INFO - 星数分析完成
2025-08-14 17:33:18,615 - data_analysis - INFO - 开始分析创建时间趋势...
2025-08-14 17:33:18,616 - data_analysis - INFO - 创建时间趋势分析完成
2025-08-14 17:33:18,616 - data_analysis - INFO - 开始分析仓库大小分布...
2025-08-14 17:33:18,616 - data_analysis - INFO - 生成综合分析报告...
2025-08-14 17:33:18,616 - data_analysis - INFO - 开始分析编程语言分布...
2025-08-14 17:33:18,616 - data_analysis - INFO - 语言分析完成，发现 2 种语言
2025-08-14 17:33:18,616 - data_analysis - INFO - 开始分析主题标签分布...
2025-08-14 17:33:18,617 - data_analysis - INFO - 主题分析完成，发现 0 个主题
2025-08-14 17:33:18,617 - data_analysis - INFO - 开始分析星数分布...
2025-08-14 17:33:18,617 - data_analysis - INFO - 星数分析完成
2025-08-14 17:33:18,617 - data_analysis - INFO - 开始分析创建时间趋势...
2025-08-14 17:33:18,617 - data_analysis - INFO - 创建时间趋势分析完成
2025-08-14 17:33:18,617 - data_analysis - INFO - 开始分析仓库大小分布...
2025-08-14 17:33:18,618 - data_analysis - INFO - 分析结果已保存到: D:\ProJect\spiderGit\public\analytics\analysis_111.json
2025-08-14 17:33:18,618 - data_analysis - INFO - 数据分析完成！结果保存到: D:\ProJect\spiderGit\public\analytics\analysis_111.json
2025-08-14 17:33:18,618 - data_analysis - INFO - 已更新任务 #58 状态: completed, 进度: 100%
2025-08-20 10:21:02,575 - data_analysis - INFO - 使用数据库连接字符串: postgresql://postgres:114514@...
2025-08-20 10:21:02,938 - data_analysis - INFO - 从数据库加载关键词数据: ['Estate API']
2025-08-20 10:21:03,594 - data_analysis - INFO - 从数据库加载了 177 个仓库数据
2025-08-20 10:21:03,627 - data_analysis - INFO - 成功加载 177 条数据
2025-08-20 10:21:03,628 - data_analysis - INFO - 开始生成分析报告...
2025-08-20 10:21:03,628 - data_analysis - INFO - 生成综合分析报告...
2025-08-20 10:21:03,628 - data_analysis - INFO - 开始分析编程语言分布...
2025-08-20 10:21:03,633 - data_analysis - INFO - 语言分析完成，发现 8 种语言
2025-08-20 10:21:03,634 - data_analysis - INFO - 开始分析主题标签分布...
2025-08-20 10:21:03,635 - data_analysis - INFO - 主题分析完成，发现 0 个主题
2025-08-20 10:21:03,635 - data_analysis - INFO - 开始分析星数分布...
2025-08-20 10:21:03,635 - data_analysis - INFO - 星数分析完成
2025-08-20 10:21:03,636 - data_analysis - INFO - 开始分析创建时间趋势...
2025-08-20 10:21:03,642 - data_analysis - INFO - 创建时间趋势分析完成
2025-08-20 10:21:03,642 - data_analysis - INFO - 开始分析仓库大小分布...
2025-08-20 10:21:03,645 - data_analysis - INFO - 生成综合分析报告...
2025-08-20 10:21:03,645 - data_analysis - INFO - 开始分析编程语言分布...
2025-08-20 10:21:03,646 - data_analysis - INFO - 语言分析完成，发现 8 种语言
2025-08-20 10:21:03,646 - data_analysis - INFO - 开始分析主题标签分布...
2025-08-20 10:21:03,647 - data_analysis - INFO - 主题分析完成，发现 0 个主题
2025-08-20 10:21:03,648 - data_analysis - INFO - 开始分析星数分布...
2025-08-20 10:21:03,648 - data_analysis - INFO - 星数分析完成
2025-08-20 10:21:03,649 - data_analysis - INFO - 开始分析创建时间趋势...
2025-08-20 10:21:03,667 - data_analysis - INFO - 创建时间趋势分析完成
2025-08-20 10:21:03,667 - data_analysis - INFO - 开始分析仓库大小分布...
2025-08-20 10:21:03,673 - data_analysis - INFO - 分析结果已保存到: D:\ProJect\spiderGit\public\analytics\analysis_Estate_API.json
2025-08-20 10:21:03,674 - data_analysis - INFO - 数据分析完成！结果保存到: D:\ProJect\spiderGit\public\analytics\analysis_Estate_API.json
2025-08-21 11:49:07,281 - data_analysis - INFO - 使用数据库连接字符串: postgresql://postgres:114514@...
2025-08-21 11:49:07,359 - data_analysis - INFO - 已更新任务 #59 状态: running, 进度: 85%
2025-08-21 11:49:07,359 - data_analysis - INFO - 从数据库加载关键词数据: ['maimai']
2025-08-21 11:49:07,433 - data_analysis - INFO - 从数据库加载了 120 个仓库数据
2025-08-21 11:49:07,438 - data_analysis - INFO - 成功加载 120 条数据
2025-08-21 11:49:07,438 - data_analysis - INFO - 开始生成分析报告...
2025-08-21 11:49:07,438 - data_analysis - INFO - 生成综合分析报告...
2025-08-21 11:49:07,438 - data_analysis - INFO - 开始分析编程语言分布...
2025-08-21 11:49:07,439 - data_analysis - INFO - 语言分析完成，发现 4 种语言
2025-08-21 11:49:07,439 - data_analysis - INFO - 开始分析主题标签分布...
2025-08-21 11:49:07,439 - data_analysis - INFO - 主题分析完成，发现 0 个主题
2025-08-21 11:49:07,440 - data_analysis - INFO - 开始分析星数分布...
2025-08-21 11:49:07,440 - data_analysis - INFO - 星数分析完成
2025-08-21 11:49:07,440 - data_analysis - INFO - 开始分析创建时间趋势...
2025-08-21 11:49:07,441 - data_analysis - INFO - 创建时间趋势分析完成
2025-08-21 11:49:07,441 - data_analysis - INFO - 开始分析仓库大小分布...
2025-08-21 11:49:07,441 - data_analysis - INFO - 生成综合分析报告...
2025-08-21 11:49:07,442 - data_analysis - INFO - 开始分析编程语言分布...
2025-08-21 11:49:07,442 - data_analysis - INFO - 语言分析完成，发现 4 种语言
2025-08-21 11:49:07,442 - data_analysis - INFO - 开始分析主题标签分布...
2025-08-21 11:49:07,442 - data_analysis - INFO - 主题分析完成，发现 0 个主题
2025-08-21 11:49:07,442 - data_analysis - INFO - 开始分析星数分布...
2025-08-21 11:49:07,442 - data_analysis - INFO - 星数分析完成
2025-08-21 11:49:07,442 - data_analysis - INFO - 开始分析创建时间趋势...
2025-08-21 11:49:07,443 - data_analysis - INFO - 创建时间趋势分析完成
2025-08-21 11:49:07,443 - data_analysis - INFO - 开始分析仓库大小分布...
2025-08-21 11:49:07,444 - data_analysis - INFO - 分析结果已保存到: D:\ProJect\spiderGit\public\analytics\analysis_maimai.json
2025-08-21 11:49:07,444 - data_analysis - INFO - 数据分析完成！结果保存到: D:\ProJect\spiderGit\public\analytics\analysis_maimai.json
2025-08-21 11:49:07,445 - data_analysis - INFO - 已更新任务 #59 状态: completed, 进度: 100%
2025-08-21 12:59:31,324 - data_analysis - INFO - 使用数据库连接字符串: postgresql://postgres:114514@...
2025-08-21 12:59:31,439 - data_analysis - INFO - 已更新任务 #60 状态: running, 进度: 85%
2025-08-21 12:59:31,439 - data_analysis - INFO - 从数据库加载关键词数据: ['maimai']
2025-08-21 12:59:31,520 - data_analysis - INFO - 从数据库加载了 120 个仓库数据
2025-08-21 12:59:31,527 - data_analysis - INFO - 成功加载 120 条数据
2025-08-21 12:59:31,527 - data_analysis - INFO - 开始生成分析报告...
2025-08-21 12:59:31,527 - data_analysis - INFO - 生成综合分析报告...
2025-08-21 12:59:31,527 - data_analysis - INFO - 开始分析编程语言分布...
2025-08-21 12:59:31,529 - data_analysis - INFO - 语言分析完成，发现 4 种语言
2025-08-21 12:59:31,529 - data_analysis - INFO - 开始分析主题标签分布...
2025-08-21 12:59:31,529 - data_analysis - INFO - 主题分析完成，发现 0 个主题
2025-08-21 12:59:31,529 - data_analysis - INFO - 开始分析星数分布...
2025-08-21 12:59:31,529 - data_analysis - INFO - 星数分析完成
2025-08-21 12:59:31,529 - data_analysis - INFO - 开始分析创建时间趋势...
2025-08-21 12:59:31,531 - data_analysis - INFO - 创建时间趋势分析完成
2025-08-21 12:59:31,531 - data_analysis - INFO - 开始分析仓库大小分布...
2025-08-21 12:59:31,531 - data_analysis - INFO - 生成综合分析报告...
2025-08-21 12:59:31,532 - data_analysis - INFO - 开始分析编程语言分布...
2025-08-21 12:59:31,532 - data_analysis - INFO - 语言分析完成，发现 4 种语言
2025-08-21 12:59:31,532 - data_analysis - INFO - 开始分析主题标签分布...
2025-08-21 12:59:31,532 - data_analysis - INFO - 主题分析完成，发现 0 个主题
2025-08-21 12:59:31,532 - data_analysis - INFO - 开始分析星数分布...
2025-08-21 12:59:31,532 - data_analysis - INFO - 星数分析完成
2025-08-21 12:59:31,532 - data_analysis - INFO - 开始分析创建时间趋势...
2025-08-21 12:59:31,533 - data_analysis - INFO - 创建时间趋势分析完成
2025-08-21 12:59:31,533 - data_analysis - INFO - 开始分析仓库大小分布...
2025-08-21 12:59:31,534 - data_analysis - INFO - 分析结果已保存到: D:\ProJect\spiderGit\public\analytics\analysis_maimai.json
2025-08-21 12:59:31,534 - data_analysis - INFO - 数据分析完成！结果保存到: D:\ProJect\spiderGit\public\analytics\analysis_maimai.json
2025-08-21 12:59:31,535 - data_analysis - INFO - 已更新任务 #60 状态: completed, 进度: 100%
2025-08-21 16:18:03,521 - data_analysis - INFO - 使用数据库连接字符串: postgresql://postgres:114514@...
2025-08-21 16:18:03,612 - data_analysis - INFO - 已更新任务 #62 状态: running, 进度: 85%
2025-08-21 16:18:03,612 - data_analysis - INFO - 从数据库加载关键词数据: ['Estate API']
2025-08-21 16:18:03,796 - data_analysis - INFO - 从数据库加载了 110 个仓库数据
2025-08-21 16:18:03,802 - data_analysis - INFO - 成功加载 110 条数据
2025-08-21 16:18:03,802 - data_analysis - INFO - 开始生成分析报告...
2025-08-21 16:18:03,802 - data_analysis - INFO - 生成综合分析报告...
2025-08-21 16:18:03,802 - data_analysis - INFO - 开始分析编程语言分布...
2025-08-21 16:18:03,803 - data_analysis - INFO - 语言分析完成，发现 3 种语言
2025-08-21 16:18:03,803 - data_analysis - INFO - 开始分析主题标签分布...
2025-08-21 16:18:03,804 - data_analysis - INFO - 主题分析完成，发现 130 个主题
2025-08-21 16:18:03,804 - data_analysis - INFO - 开始分析星数分布...
2025-08-21 16:18:03,804 - data_analysis - INFO - 星数分析完成
2025-08-21 16:18:03,804 - data_analysis - INFO - 开始分析创建时间趋势...
2025-08-21 16:18:03,806 - data_analysis - INFO - 创建时间趋势分析完成
2025-08-21 16:18:03,806 - data_analysis - INFO - 开始分析仓库大小分布...
2025-08-21 16:18:03,806 - data_analysis - INFO - 开始分析代码文件数据...
2025-08-21 16:18:03,806 - data_analysis - INFO - 使用数据库连接字符串: postgresql://postgres:114514@...
2025-08-21 16:18:03,888 - data_analysis - INFO - 代码文件分析完成: 20 个库, 20 个包, 20 个函数
2025-08-21 16:18:03,888 - data_analysis - INFO - 生成综合分析报告...
2025-08-21 16:18:03,888 - data_analysis - INFO - 开始分析编程语言分布...
2025-08-21 16:18:03,889 - data_analysis - INFO - 语言分析完成，发现 3 种语言
2025-08-21 16:18:03,889 - data_analysis - INFO - 开始分析主题标签分布...
2025-08-21 16:18:03,889 - data_analysis - INFO - 主题分析完成，发现 130 个主题
2025-08-21 16:18:03,889 - data_analysis - INFO - 开始分析星数分布...
2025-08-21 16:18:03,889 - data_analysis - INFO - 星数分析完成
2025-08-21 16:18:03,889 - data_analysis - INFO - 开始分析创建时间趋势...
2025-08-21 16:18:03,891 - data_analysis - INFO - 创建时间趋势分析完成
2025-08-21 16:18:03,892 - data_analysis - INFO - 开始分析仓库大小分布...
2025-08-21 16:18:03,892 - data_analysis - INFO - 开始分析代码文件数据...
2025-08-21 16:18:03,892 - data_analysis - INFO - 使用数据库连接字符串: postgresql://postgres:114514@...
2025-08-21 16:18:03,979 - data_analysis - INFO - 代码文件分析完成: 20 个库, 20 个包, 20 个函数
2025-08-21 16:18:03,985 - data_analysis - INFO - 分析结果已保存到: D:\ProJect\spiderGit\public\analytics\analysis_Estate_API.json
2025-08-21 16:18:03,986 - data_analysis - INFO - 数据分析完成！结果保存到: D:\ProJect\spiderGit\public\analytics\analysis_Estate_API.json
2025-08-21 16:18:03,987 - data_analysis - INFO - 已更新任务 #62 状态: completed, 进度: 100%
2025-08-21 16:52:50,877 - data_analysis - INFO - 使用数据库连接字符串: postgresql://postgres:114514@...
2025-08-21 16:52:51,143 - data_analysis - INFO - 已更新任务 #63 状态: running, 进度: 85%
2025-08-21 16:52:51,144 - data_analysis - INFO - 从数据库加载关键词数据: ['React']
2025-08-21 16:52:51,380 - data_analysis - INFO - 从数据库加载了 60 个仓库数据
2025-08-21 16:52:51,391 - data_analysis - INFO - 成功加载 60 条数据
2025-08-21 16:52:51,393 - data_analysis - INFO - 开始生成分析报告...
2025-08-21 16:52:51,393 - data_analysis - INFO - 生成综合分析报告...
2025-08-21 16:52:51,393 - data_analysis - INFO - 开始分析编程语言分布...
2025-08-21 16:52:51,397 - data_analysis - INFO - 语言分析完成，发现 3 种语言
2025-08-21 16:52:51,398 - data_analysis - INFO - 开始分析主题标签分布...
2025-08-21 16:52:51,398 - data_analysis - INFO - 主题分析完成，发现 0 个主题
2025-08-21 16:52:51,398 - data_analysis - INFO - 开始分析星数分布...
2025-08-21 16:52:51,398 - data_analysis - INFO - 星数分析完成
2025-08-21 16:52:51,398 - data_analysis - INFO - 开始分析创建时间趋势...
2025-08-21 16:52:51,399 - data_analysis - INFO - 创建时间趋势分析完成
2025-08-21 16:52:51,399 - data_analysis - INFO - 开始分析仓库大小分布...
2025-08-21 16:52:51,399 - data_analysis - INFO - 开始分析代码文件数据...
2025-08-21 16:52:51,400 - data_analysis - INFO - 使用数据库连接字符串: postgresql://postgres:114514@...
2025-08-21 16:52:51,706 - data_analysis - INFO - 代码文件分析完成: 20 个库, 20 个包, 20 个函数
2025-08-21 16:52:51,708 - data_analysis - INFO - 生成综合分析报告...
2025-08-21 16:52:51,708 - data_analysis - INFO - 开始分析编程语言分布...
2025-08-21 16:52:51,708 - data_analysis - INFO - 语言分析完成，发现 3 种语言
2025-08-21 16:52:51,709 - data_analysis - INFO - 开始分析主题标签分布...
2025-08-21 16:52:51,709 - data_analysis - INFO - 主题分析完成，发现 0 个主题
2025-08-21 16:52:51,709 - data_analysis - INFO - 开始分析星数分布...
2025-08-21 16:52:51,709 - data_analysis - INFO - 星数分析完成
2025-08-21 16:52:51,709 - data_analysis - INFO - 开始分析创建时间趋势...
2025-08-21 16:52:51,711 - data_analysis - INFO - 创建时间趋势分析完成
2025-08-21 16:52:51,711 - data_analysis - INFO - 开始分析仓库大小分布...
2025-08-21 16:52:51,711 - data_analysis - INFO - 开始分析代码文件数据...
2025-08-21 16:52:51,711 - data_analysis - INFO - 使用数据库连接字符串: postgresql://postgres:114514@...
2025-08-21 16:52:51,898 - data_analysis - INFO - 代码文件分析完成: 20 个库, 20 个包, 20 个函数
2025-08-21 16:52:51,908 - data_analysis - INFO - 分析结果已保存到: D:\ProJect\spiderGit\public\analytics\analysis_React.json
2025-08-21 16:52:51,908 - data_analysis - INFO - 数据分析完成！结果保存到: D:\ProJect\spiderGit\public\analytics\analysis_React.json
2025-08-21 16:52:51,911 - data_analysis - INFO - 已更新任务 #63 状态: completed, 进度: 100%
2025-08-21 17:23:09,926 - data_analysis - INFO - 成功加载 3 条数据
2025-08-21 17:23:09,926 - data_analysis - INFO - 开始分析星数分布...
2025-08-21 17:23:09,927 - data_analysis - INFO - 星数分析完成
2025-08-21 17:23:09,927 - data_analysis - INFO - 开始分析主题标签分布...
2025-08-21 17:23:09,927 - data_analysis - INFO - 主题分析完成，发现 6 个主题
2025-08-21 17:23:09,927 - data_analysis - INFO - 生成综合分析报告...
2025-08-21 17:23:09,928 - data_analysis - INFO - 开始分析编程语言分布...
2025-08-21 17:23:09,928 - data_analysis - INFO - 语言分析完成，发现 3 种语言
2025-08-21 17:23:09,929 - data_analysis - INFO - 开始分析主题标签分布...
2025-08-21 17:23:09,929 - data_analysis - INFO - 主题分析完成，发现 6 个主题
2025-08-21 17:23:09,929 - data_analysis - INFO - 开始分析星数分布...
2025-08-21 17:23:09,929 - data_analysis - INFO - 星数分析完成
2025-08-21 17:23:09,929 - data_analysis - INFO - 开始分析创建时间趋势...
2025-08-21 17:23:09,930 - data_analysis - INFO - 创建时间趋势分析完成
2025-08-21 17:23:09,930 - data_analysis - INFO - 开始分析仓库大小分布...
2025-08-21 17:23:09,930 - data_analysis - INFO - 开始分析代码文件数据...
2025-08-21 17:23:10,000 - data_analysis - INFO - 使用数据库连接字符串: postgresql://postgres:114514@...
2025-08-21 17:23:10,121 - data_analysis - INFO - 代码文件分析完成: 0 个库, 0 个包, 0 个函数
2025-08-21 17:23:55,137 - data_analysis - INFO - 使用数据库连接字符串: postgresql://postgres:114514@...
2025-08-21 17:23:55,230 - data_analysis - INFO - 从数据库加载关键词数据: ['React']
2025-08-21 17:23:55,309 - data_analysis - INFO - 从数据库加载了 60 个仓库数据
2025-08-21 17:23:55,312 - data_analysis - INFO - 成功加载 60 条数据
2025-08-21 17:23:55,312 - data_analysis - INFO - 开始生成分析报告...
2025-08-21 17:23:55,312 - data_analysis - INFO - 生成综合分析报告...
2025-08-21 17:23:55,312 - data_analysis - INFO - 开始分析编程语言分布...
2025-08-21 17:23:55,313 - data_analysis - INFO - 语言分析完成，发现 3 种语言
2025-08-21 17:23:55,313 - data_analysis - INFO - 开始分析主题标签分布...
2025-08-21 17:23:55,313 - data_analysis - INFO - 主题分析完成，发现 0 个主题
2025-08-21 17:23:55,313 - data_analysis - INFO - 开始分析星数分布...
2025-08-21 17:23:55,313 - data_analysis - INFO - 星数分析完成
2025-08-21 17:23:55,313 - data_analysis - INFO - 开始分析创建时间趋势...
2025-08-21 17:23:55,313 - data_analysis - INFO - 创建时间趋势分析完成
2025-08-21 17:23:55,313 - data_analysis - INFO - 开始分析仓库大小分布...
2025-08-21 17:23:55,313 - data_analysis - INFO - 开始分析代码文件数据...
2025-08-21 17:23:55,314 - data_analysis - INFO - 使用数据库连接字符串: postgresql://postgres:114514@...
2025-08-21 17:23:55,390 - data_analysis - INFO - 代码文件分析完成: 20 个库, 20 个包, 20 个函数
2025-08-21 17:23:55,390 - data_analysis - INFO - 生成综合分析报告...
2025-08-21 17:23:55,391 - data_analysis - INFO - 开始分析编程语言分布...
2025-08-21 17:23:55,391 - data_analysis - INFO - 语言分析完成，发现 3 种语言
2025-08-21 17:23:55,391 - data_analysis - INFO - 开始分析主题标签分布...
2025-08-21 17:23:55,391 - data_analysis - INFO - 主题分析完成，发现 0 个主题
2025-08-21 17:23:55,391 - data_analysis - INFO - 开始分析星数分布...
2025-08-21 17:23:55,391 - data_analysis - INFO - 星数分析完成
2025-08-21 17:23:55,391 - data_analysis - INFO - 开始分析创建时间趋势...
2025-08-21 17:23:55,392 - data_analysis - INFO - 创建时间趋势分析完成
2025-08-21 17:23:55,392 - data_analysis - INFO - 开始分析仓库大小分布...
2025-08-21 17:23:55,392 - data_analysis - INFO - 开始分析代码文件数据...
2025-08-21 17:23:55,392 - data_analysis - INFO - 使用数据库连接字符串: postgresql://postgres:114514@...
2025-08-21 17:23:55,466 - data_analysis - INFO - 代码文件分析完成: 20 个库, 20 个包, 20 个函数
2025-08-21 17:23:55,469 - data_analysis - INFO - 分析结果已保存到: public\analytics\analysis_React.json
2025-08-21 17:23:55,469 - data_analysis - INFO - 数据分析完成！结果保存到: public\analytics\analysis_React.json
2025-08-21 17:23:55,626 - data_analysis - INFO - 使用数据库连接字符串: postgresql://postgres:114514@...
2025-08-21 17:23:55,726 - data_analysis - INFO - 从数据库加载关键词数据: ['Estate API']
2025-08-21 17:23:55,834 - data_analysis - INFO - 从数据库加载了 110 个仓库数据
2025-08-21 17:23:55,839 - data_analysis - INFO - 成功加载 110 条数据
2025-08-21 17:23:55,840 - data_analysis - INFO - 开始生成分析报告...
2025-08-21 17:23:55,840 - data_analysis - INFO - 生成综合分析报告...
2025-08-21 17:23:55,840 - data_analysis - INFO - 开始分析编程语言分布...
2025-08-21 17:23:55,840 - data_analysis - INFO - 语言分析完成，发现 3 种语言
2025-08-21 17:23:55,840 - data_analysis - INFO - 开始分析主题标签分布...
2025-08-21 17:23:55,840 - data_analysis - INFO - 主题分析完成，发现 130 个主题
2025-08-21 17:23:55,840 - data_analysis - INFO - 开始分析星数分布...
2025-08-21 17:23:55,841 - data_analysis - INFO - 星数分析完成
2025-08-21 17:23:55,841 - data_analysis - INFO - 开始分析创建时间趋势...
2025-08-21 17:23:55,842 - data_analysis - INFO - 创建时间趋势分析完成
2025-08-21 17:23:55,842 - data_analysis - INFO - 开始分析仓库大小分布...
2025-08-21 17:23:55,842 - data_analysis - INFO - 开始分析代码文件数据...
2025-08-21 17:23:55,842 - data_analysis - INFO - 使用数据库连接字符串: postgresql://postgres:114514@...
2025-08-21 17:23:55,939 - data_analysis - INFO - 代码文件分析完成: 20 个库, 20 个包, 20 个函数
2025-08-21 17:23:55,940 - data_analysis - INFO - 生成综合分析报告...
2025-08-21 17:23:55,940 - data_analysis - INFO - 开始分析编程语言分布...
2025-08-21 17:23:55,940 - data_analysis - INFO - 语言分析完成，发现 3 种语言
2025-08-21 17:23:55,940 - data_analysis - INFO - 开始分析主题标签分布...
2025-08-21 17:23:55,940 - data_analysis - INFO - 主题分析完成，发现 130 个主题
2025-08-21 17:23:55,940 - data_analysis - INFO - 开始分析星数分布...
2025-08-21 17:23:55,940 - data_analysis - INFO - 星数分析完成
2025-08-21 17:23:55,941 - data_analysis - INFO - 开始分析创建时间趋势...
2025-08-21 17:23:55,942 - data_analysis - INFO - 创建时间趋势分析完成
2025-08-21 17:23:55,942 - data_analysis - INFO - 开始分析仓库大小分布...
2025-08-21 17:23:55,942 - data_analysis - INFO - 开始分析代码文件数据...
2025-08-21 17:23:55,942 - data_analysis - INFO - 使用数据库连接字符串: postgresql://postgres:114514@...
2025-08-21 17:23:56,042 - data_analysis - INFO - 代码文件分析完成: 20 个库, 20 个包, 20 个函数
2025-08-21 17:23:56,047 - data_analysis - INFO - 分析结果已保存到: public\analytics\analysis_Estate_API.json
2025-08-21 17:23:56,047 - data_analysis - INFO - 数据分析完成！结果保存到: public\analytics\analysis_Estate_API.json
2025-08-21 17:24:07,577 - data_analysis - INFO - 使用数据库连接字符串: postgresql://postgres:114514@...
2025-08-21 17:24:07,684 - data_analysis - INFO - 从数据库加载关键词数据: ['React']
2025-08-21 17:24:07,768 - data_analysis - INFO - 从数据库加载了 60 个仓库数据
2025-08-21 17:24:07,772 - data_analysis - INFO - 成功加载 60 条数据
2025-08-21 17:24:07,773 - data_analysis - INFO - 开始生成分析报告...
2025-08-21 17:24:07,773 - data_analysis - INFO - 生成综合分析报告...
2025-08-21 17:24:07,773 - data_analysis - INFO - 开始分析编程语言分布...
2025-08-21 17:24:07,773 - data_analysis - INFO - 语言分析完成，发现 3 种语言
2025-08-21 17:24:07,774 - data_analysis - INFO - 开始分析主题标签分布...
2025-08-21 17:24:07,774 - data_analysis - INFO - 主题分析完成，发现 0 个主题
2025-08-21 17:24:07,774 - data_analysis - INFO - 开始分析星数分布...
2025-08-21 17:24:07,774 - data_analysis - INFO - 星数分析完成
2025-08-21 17:24:07,774 - data_analysis - INFO - 开始分析创建时间趋势...
2025-08-21 17:24:07,775 - data_analysis - INFO - 创建时间趋势分析完成
2025-08-21 17:24:07,775 - data_analysis - INFO - 开始分析仓库大小分布...
2025-08-21 17:24:07,775 - data_analysis - INFO - 开始分析代码文件数据...
2025-08-21 17:24:07,776 - data_analysis - INFO - 使用数据库连接字符串: postgresql://postgres:114514@...
2025-08-21 17:24:07,973 - data_analysis - INFO - 代码文件分析完成: 20 个库, 20 个包, 20 个函数
2025-08-21 17:24:07,974 - data_analysis - INFO - 生成综合分析报告...
2025-08-21 17:24:07,974 - data_analysis - INFO - 开始分析编程语言分布...
2025-08-21 17:24:07,974 - data_analysis - INFO - 语言分析完成，发现 3 种语言
2025-08-21 17:24:07,975 - data_analysis - INFO - 开始分析主题标签分布...
2025-08-21 17:24:07,975 - data_analysis - INFO - 主题分析完成，发现 0 个主题
2025-08-21 17:24:07,975 - data_analysis - INFO - 开始分析星数分布...
2025-08-21 17:24:07,976 - data_analysis - INFO - 星数分析完成
2025-08-21 17:24:07,976 - data_analysis - INFO - 开始分析创建时间趋势...
2025-08-21 17:24:07,977 - data_analysis - INFO - 创建时间趋势分析完成
2025-08-21 17:24:07,977 - data_analysis - INFO - 开始分析仓库大小分布...
2025-08-21 17:24:07,977 - data_analysis - INFO - 开始分析代码文件数据...
2025-08-21 17:24:07,978 - data_analysis - INFO - 使用数据库连接字符串: postgresql://postgres:114514@...
2025-08-21 17:24:08,082 - data_analysis - INFO - 代码文件分析完成: 20 个库, 20 个包, 20 个函数
2025-08-21 17:24:08,085 - data_analysis - INFO - 分析结果已保存到: public\analytics\analysis_React.json
2025-08-21 17:24:08,086 - data_analysis - INFO - 数据分析完成！结果保存到: public\analytics\analysis_React.json
2025-08-21 17:28:11,518 - data_analysis - INFO - 使用数据库连接字符串: postgresql://postgres:114514@...
2025-08-21 17:28:11,602 - data_analysis - INFO - 从数据库加载关键词数据: ['React']
2025-08-21 17:28:11,686 - data_analysis - INFO - 从数据库加载了 60 个仓库数据
2025-08-21 17:28:11,690 - data_analysis - INFO - 成功加载 60 条数据
2025-08-21 17:28:11,690 - data_analysis - INFO - 开始生成分析报告...
2025-08-21 17:28:11,690 - data_analysis - INFO - 生成综合分析报告...
2025-08-21 17:28:11,690 - data_analysis - INFO - 开始分析编程语言分布...
2025-08-21 17:28:11,690 - data_analysis - INFO - 语言分析完成，发现 3 种语言
2025-08-21 17:28:11,690 - data_analysis - INFO - 开始分析主题标签分布...
2025-08-21 17:28:11,690 - data_analysis - INFO - 主题分析完成，发现 0 个主题
2025-08-21 17:28:11,690 - data_analysis - INFO - 开始分析星数分布...
2025-08-21 17:28:11,691 - data_analysis - INFO - 星数分析完成
2025-08-21 17:28:11,691 - data_analysis - INFO - 开始分析创建时间趋势...
2025-08-21 17:28:11,691 - data_analysis - INFO - 创建时间趋势分析完成
2025-08-21 17:28:11,691 - data_analysis - INFO - 开始分析仓库大小分布...
2025-08-21 17:28:11,691 - data_analysis - INFO - 开始分析代码文件数据...
2025-08-21 17:28:11,692 - data_analysis - INFO - 使用数据库连接字符串: postgresql://postgres:114514@...
2025-08-21 17:28:11,783 - data_analysis - INFO - 代码文件分析完成: 20 个库, 20 个包, 20 个函数
2025-08-21 17:28:11,784 - data_analysis - INFO - 生成综合分析报告...
2025-08-21 17:28:11,784 - data_analysis - INFO - 开始分析编程语言分布...
2025-08-21 17:28:11,784 - data_analysis - INFO - 语言分析完成，发现 3 种语言
2025-08-21 17:28:11,784 - data_analysis - INFO - 开始分析主题标签分布...
2025-08-21 17:28:11,784 - data_analysis - INFO - 主题分析完成，发现 0 个主题
2025-08-21 17:28:11,784 - data_analysis - INFO - 开始分析星数分布...
2025-08-21 17:28:11,784 - data_analysis - INFO - 星数分析完成
2025-08-21 17:28:11,784 - data_analysis - INFO - 开始分析创建时间趋势...
2025-08-21 17:28:11,785 - data_analysis - INFO - 创建时间趋势分析完成
2025-08-21 17:28:11,785 - data_analysis - INFO - 开始分析仓库大小分布...
2025-08-21 17:28:11,785 - data_analysis - INFO - 开始分析代码文件数据...
2025-08-21 17:28:11,785 - data_analysis - INFO - 使用数据库连接字符串: postgresql://postgres:114514@...
2025-08-21 17:28:11,861 - data_analysis - INFO - 代码文件分析完成: 20 个库, 20 个包, 20 个函数
2025-08-21 17:28:11,864 - data_analysis - INFO - 分析结果已保存到: public\analytics\analysis_React.json
2025-08-21 17:28:11,864 - data_analysis - INFO - 数据分析完成！结果保存到: public\analytics\analysis_React.json
2025-08-21 17:28:11,970 - data_analysis - INFO - 使用数据库连接字符串: postgresql://postgres:114514@...
2025-08-21 17:28:12,040 - data_analysis - INFO - 从数据库加载关键词数据: ['Estate API']
2025-08-21 17:28:12,113 - data_analysis - INFO - 从数据库加载了 110 个仓库数据
2025-08-21 17:28:12,117 - data_analysis - INFO - 成功加载 110 条数据
2025-08-21 17:28:12,117 - data_analysis - INFO - 开始生成分析报告...
2025-08-21 17:28:12,117 - data_analysis - INFO - 生成综合分析报告...
2025-08-21 17:28:12,117 - data_analysis - INFO - 开始分析编程语言分布...
2025-08-21 17:28:12,118 - data_analysis - INFO - 语言分析完成，发现 3 种语言
2025-08-21 17:28:12,118 - data_analysis - INFO - 开始分析主题标签分布...
2025-08-21 17:28:12,118 - data_analysis - INFO - 主题分析完成，发现 130 个主题
2025-08-21 17:28:12,118 - data_analysis - INFO - 开始分析星数分布...
2025-08-21 17:28:12,118 - data_analysis - INFO - 星数分析完成
2025-08-21 17:28:12,118 - data_analysis - INFO - 开始分析创建时间趋势...
2025-08-21 17:28:12,119 - data_analysis - INFO - 创建时间趋势分析完成
2025-08-21 17:28:12,119 - data_analysis - INFO - 开始分析仓库大小分布...
2025-08-21 17:28:12,119 - data_analysis - INFO - 开始分析代码文件数据...
2025-08-21 17:28:12,119 - data_analysis - INFO - 使用数据库连接字符串: postgresql://postgres:114514@...
2025-08-21 17:28:12,186 - data_analysis - INFO - 代码文件分析完成: 20 个库, 20 个包, 20 个函数
2025-08-21 17:28:12,186 - data_analysis - INFO - 生成综合分析报告...
2025-08-21 17:28:12,186 - data_analysis - INFO - 开始分析编程语言分布...
2025-08-21 17:28:12,187 - data_analysis - INFO - 语言分析完成，发现 3 种语言
2025-08-21 17:28:12,187 - data_analysis - INFO - 开始分析主题标签分布...
2025-08-21 17:28:12,187 - data_analysis - INFO - 主题分析完成，发现 130 个主题
2025-08-21 17:28:12,187 - data_analysis - INFO - 开始分析星数分布...
2025-08-21 17:28:12,187 - data_analysis - INFO - 星数分析完成
2025-08-21 17:28:12,187 - data_analysis - INFO - 开始分析创建时间趋势...
2025-08-21 17:28:12,188 - data_analysis - INFO - 创建时间趋势分析完成
2025-08-21 17:28:12,188 - data_analysis - INFO - 开始分析仓库大小分布...
2025-08-21 17:28:12,189 - data_analysis - INFO - 开始分析代码文件数据...
2025-08-21 17:28:12,189 - data_analysis - INFO - 使用数据库连接字符串: postgresql://postgres:114514@...
2025-08-21 17:28:12,254 - data_analysis - INFO - 代码文件分析完成: 20 个库, 20 个包, 20 个函数
2025-08-21 17:28:12,258 - data_analysis - INFO - 分析结果已保存到: public\analytics\analysis_Estate_API.json
2025-08-21 17:28:12,258 - data_analysis - INFO - 数据分析完成！结果保存到: public\analytics\analysis_Estate_API.json
2025-08-21 17:33:00,770 - data_analysis - INFO - 使用数据库连接字符串: postgresql://postgres:114514@...
2025-08-21 17:33:00,926 - data_analysis - INFO - 从数据库加载关键词数据: ['maimai']
2025-08-21 17:33:01,058 - data_analysis - INFO - 从数据库加载了 120 个仓库数据
2025-08-21 17:33:01,068 - data_analysis - INFO - 成功加载 120 条数据
2025-08-21 17:33:01,068 - data_analysis - INFO - 开始生成分析报告...
2025-08-21 17:33:01,068 - data_analysis - INFO - 生成综合分析报告...
2025-08-21 17:33:01,068 - data_analysis - INFO - 开始分析编程语言分布...
2025-08-21 17:33:01,070 - data_analysis - INFO - 语言分析完成，发现 4 种语言
2025-08-21 17:33:01,070 - data_analysis - INFO - 开始分析主题标签分布...
2025-08-21 17:33:01,071 - data_analysis - INFO - 主题分析完成，发现 29 个主题
2025-08-21 17:33:01,072 - data_analysis - INFO - 开始分析星数分布...
2025-08-21 17:33:01,072 - data_analysis - INFO - 星数分析完成
2025-08-21 17:33:01,072 - data_analysis - INFO - 开始分析创建时间趋势...
2025-08-21 17:33:01,075 - data_analysis - INFO - 创建时间趋势分析完成
2025-08-21 17:33:01,076 - data_analysis - INFO - 开始分析仓库大小分布...
2025-08-21 17:33:01,076 - data_analysis - INFO - 开始分析代码文件数据...
2025-08-21 17:33:01,076 - data_analysis - INFO - 使用数据库连接字符串: postgresql://postgres:114514@...
2025-08-21 17:33:01,168 - data_analysis - INFO - 代码文件分析完成: 20 个库, 20 个包, 20 个函数
2025-08-21 17:33:01,169 - data_analysis - INFO - 生成综合分析报告...
2025-08-21 17:33:01,169 - data_analysis - INFO - 开始分析编程语言分布...
2025-08-21 17:33:01,169 - data_analysis - INFO - 语言分析完成，发现 4 种语言
2025-08-21 17:33:01,169 - data_analysis - INFO - 开始分析主题标签分布...
2025-08-21 17:33:01,169 - data_analysis - INFO - 主题分析完成，发现 29 个主题
2025-08-21 17:33:01,169 - data_analysis - INFO - 开始分析星数分布...
2025-08-21 17:33:01,170 - data_analysis - INFO - 星数分析完成
2025-08-21 17:33:01,170 - data_analysis - INFO - 开始分析创建时间趋势...
2025-08-21 17:33:01,171 - data_analysis - INFO - 创建时间趋势分析完成
2025-08-21 17:33:01,171 - data_analysis - INFO - 开始分析仓库大小分布...
2025-08-21 17:33:01,171 - data_analysis - INFO - 开始分析代码文件数据...
2025-08-21 17:33:01,171 - data_analysis - INFO - 使用数据库连接字符串: postgresql://postgres:114514@...
2025-08-21 17:33:01,356 - data_analysis - INFO - 代码文件分析完成: 20 个库, 20 个包, 20 个函数
2025-08-21 17:33:01,361 - data_analysis - INFO - 分析结果已保存到: D:\ProJect\spiderGit\public\analytics\analysis_maimai.json
2025-08-21 17:33:01,362 - data_analysis - INFO - 数据分析完成！结果保存到: D:\ProJect\spiderGit\public\analytics\analysis_maimai.json
2025-08-21 17:33:07,057 - data_analysis - INFO - 使用数据库连接字符串: postgresql://postgres:114514@...
2025-08-21 17:33:07,196 - data_analysis - INFO - 从数据库加载关键词数据: ['React']
2025-08-21 17:33:07,302 - data_analysis - INFO - 从数据库加载了 60 个仓库数据
2025-08-21 17:33:07,306 - data_analysis - INFO - 成功加载 60 条数据
2025-08-21 17:33:07,306 - data_analysis - INFO - 开始生成分析报告...
2025-08-21 17:33:07,306 - data_analysis - INFO - 生成综合分析报告...
2025-08-21 17:33:07,306 - data_analysis - INFO - 开始分析编程语言分布...
2025-08-21 17:33:07,307 - data_analysis - INFO - 语言分析完成，发现 3 种语言
2025-08-21 17:33:07,308 - data_analysis - INFO - 开始分析主题标签分布...
2025-08-21 17:33:07,308 - data_analysis - INFO - 主题分析完成，发现 0 个主题
2025-08-21 17:33:07,308 - data_analysis - INFO - 开始分析星数分布...
2025-08-21 17:33:07,308 - data_analysis - INFO - 星数分析完成
2025-08-21 17:33:07,308 - data_analysis - INFO - 开始分析创建时间趋势...
2025-08-21 17:33:07,309 - data_analysis - INFO - 创建时间趋势分析完成
2025-08-21 17:33:07,309 - data_analysis - INFO - 开始分析仓库大小分布...
2025-08-21 17:33:07,309 - data_analysis - INFO - 开始分析代码文件数据...
2025-08-21 17:33:07,309 - data_analysis - INFO - 使用数据库连接字符串: postgresql://postgres:114514@...
2025-08-21 17:33:07,396 - data_analysis - INFO - 代码文件分析完成: 20 个库, 20 个包, 20 个函数
2025-08-21 17:33:07,397 - data_analysis - INFO - 生成综合分析报告...
2025-08-21 17:33:07,398 - data_analysis - INFO - 开始分析编程语言分布...
2025-08-21 17:33:07,398 - data_analysis - INFO - 语言分析完成，发现 3 种语言
2025-08-21 17:33:07,398 - data_analysis - INFO - 开始分析主题标签分布...
2025-08-21 17:33:07,398 - data_analysis - INFO - 主题分析完成，发现 0 个主题
2025-08-21 17:33:07,398 - data_analysis - INFO - 开始分析星数分布...
2025-08-21 17:33:07,398 - data_analysis - INFO - 星数分析完成
2025-08-21 17:33:07,398 - data_analysis - INFO - 开始分析创建时间趋势...
2025-08-21 17:33:07,399 - data_analysis - INFO - 创建时间趋势分析完成
2025-08-21 17:33:07,399 - data_analysis - INFO - 开始分析仓库大小分布...
2025-08-21 17:33:07,399 - data_analysis - INFO - 开始分析代码文件数据...
2025-08-21 17:33:07,399 - data_analysis - INFO - 使用数据库连接字符串: postgresql://postgres:114514@...
2025-08-21 17:33:07,596 - data_analysis - INFO - 代码文件分析完成: 20 个库, 20 个包, 20 个函数
2025-08-21 17:33:07,600 - data_analysis - INFO - 分析结果已保存到: D:\ProJect\spiderGit\public\analytics\analysis_React.json
2025-08-21 17:33:07,600 - data_analysis - INFO - 数据分析完成！结果保存到: D:\ProJect\spiderGit\public\analytics\analysis_React.json
2025-08-21 17:33:10,168 - data_analysis - INFO - 使用数据库连接字符串: postgresql://postgres:114514@...
2025-08-21 17:33:10,293 - data_analysis - INFO - 从数据库加载关键词数据: ['React']
2025-08-21 17:33:10,390 - data_analysis - INFO - 从数据库加载了 60 个仓库数据
2025-08-21 17:33:10,394 - data_analysis - INFO - 成功加载 60 条数据
2025-08-21 17:33:10,394 - data_analysis - INFO - 开始生成分析报告...
2025-08-21 17:33:10,395 - data_analysis - INFO - 生成综合分析报告...
2025-08-21 17:33:10,395 - data_analysis - INFO - 开始分析编程语言分布...
2025-08-21 17:33:10,396 - data_analysis - INFO - 语言分析完成，发现 3 种语言
2025-08-21 17:33:10,396 - data_analysis - INFO - 开始分析主题标签分布...
2025-08-21 17:33:10,397 - data_analysis - INFO - 主题分析完成，发现 0 个主题
2025-08-21 17:33:10,397 - data_analysis - INFO - 开始分析星数分布...
2025-08-21 17:33:10,397 - data_analysis - INFO - 星数分析完成
2025-08-21 17:33:10,397 - data_analysis - INFO - 开始分析创建时间趋势...
2025-08-21 17:33:10,398 - data_analysis - INFO - 创建时间趋势分析完成
2025-08-21 17:33:10,398 - data_analysis - INFO - 开始分析仓库大小分布...
2025-08-21 17:33:10,398 - data_analysis - INFO - 开始分析代码文件数据...
2025-08-21 17:33:10,398 - data_analysis - INFO - 使用数据库连接字符串: postgresql://postgres:114514@...
2025-08-21 17:33:10,588 - data_analysis - INFO - 代码文件分析完成: 20 个库, 20 个包, 20 个函数
2025-08-21 17:33:10,589 - data_analysis - INFO - 生成综合分析报告...
2025-08-21 17:33:10,589 - data_analysis - INFO - 开始分析编程语言分布...
2025-08-21 17:33:10,589 - data_analysis - INFO - 语言分析完成，发现 3 种语言
2025-08-21 17:33:10,589 - data_analysis - INFO - 开始分析主题标签分布...
2025-08-21 17:33:10,589 - data_analysis - INFO - 主题分析完成，发现 0 个主题
2025-08-21 17:33:10,590 - data_analysis - INFO - 开始分析星数分布...
2025-08-21 17:33:10,590 - data_analysis - INFO - 星数分析完成
2025-08-21 17:33:10,590 - data_analysis - INFO - 开始分析创建时间趋势...
2025-08-21 17:33:10,590 - data_analysis - INFO - 创建时间趋势分析完成
2025-08-21 17:33:10,590 - data_analysis - INFO - 开始分析仓库大小分布...
2025-08-21 17:33:10,591 - data_analysis - INFO - 开始分析代码文件数据...
2025-08-21 17:33:10,591 - data_analysis - INFO - 使用数据库连接字符串: postgresql://postgres:114514@...
2025-08-21 17:33:10,681 - data_analysis - INFO - 代码文件分析完成: 20 个库, 20 个包, 20 个函数
2025-08-21 17:33:10,685 - data_analysis - INFO - 分析结果已保存到: D:\ProJect\spiderGit\public\analytics\analysis_React.json
2025-08-21 17:33:10,685 - data_analysis - INFO - 数据分析完成！结果保存到: D:\ProJect\spiderGit\public\analytics\analysis_React.json
2025-08-21 17:33:38,773 - data_analysis - INFO - 使用数据库连接字符串: postgresql://postgres:114514@...
2025-08-21 17:33:38,921 - data_analysis - INFO - 从数据库加载关键词数据: ['React']
2025-08-21 17:33:39,017 - data_analysis - INFO - 从数据库加载了 60 个仓库数据
2025-08-21 17:33:39,021 - data_analysis - INFO - 成功加载 60 条数据
2025-08-21 17:33:39,021 - data_analysis - INFO - 开始生成分析报告...
2025-08-21 17:33:39,021 - data_analysis - INFO - 生成综合分析报告...
2025-08-21 17:33:39,021 - data_analysis - INFO - 开始分析编程语言分布...
2025-08-21 17:33:39,023 - data_analysis - INFO - 语言分析完成，发现 3 种语言
2025-08-21 17:33:39,023 - data_analysis - INFO - 开始分析主题标签分布...
2025-08-21 17:33:39,024 - data_analysis - INFO - 主题分析完成，发现 0 个主题
2025-08-21 17:33:39,024 - data_analysis - INFO - 开始分析星数分布...
2025-08-21 17:33:39,024 - data_analysis - INFO - 星数分析完成
2025-08-21 17:33:39,024 - data_analysis - INFO - 开始分析创建时间趋势...
2025-08-21 17:33:39,025 - data_analysis - INFO - 创建时间趋势分析完成
2025-08-21 17:33:39,025 - data_analysis - INFO - 开始分析仓库大小分布...
2025-08-21 17:33:39,025 - data_analysis - INFO - 开始分析代码文件数据...
2025-08-21 17:33:39,025 - data_analysis - INFO - 使用数据库连接字符串: postgresql://postgres:114514@...
2025-08-21 17:33:39,121 - data_analysis - INFO - 代码文件分析完成: 20 个库, 20 个包, 20 个函数
2025-08-21 17:33:39,122 - data_analysis - INFO - 生成综合分析报告...
2025-08-21 17:33:39,122 - data_analysis - INFO - 开始分析编程语言分布...
2025-08-21 17:33:39,122 - data_analysis - INFO - 语言分析完成，发现 3 种语言
2025-08-21 17:33:39,122 - data_analysis - INFO - 开始分析主题标签分布...
2025-08-21 17:33:39,122 - data_analysis - INFO - 主题分析完成，发现 0 个主题
2025-08-21 17:33:39,122 - data_analysis - INFO - 开始分析星数分布...
2025-08-21 17:33:39,122 - data_analysis - INFO - 星数分析完成
2025-08-21 17:33:39,122 - data_analysis - INFO - 开始分析创建时间趋势...
2025-08-21 17:33:39,123 - data_analysis - INFO - 创建时间趋势分析完成
2025-08-21 17:33:39,123 - data_analysis - INFO - 开始分析仓库大小分布...
2025-08-21 17:33:39,123 - data_analysis - INFO - 开始分析代码文件数据...
2025-08-21 17:33:39,123 - data_analysis - INFO - 使用数据库连接字符串: postgresql://postgres:114514@...
2025-08-21 17:33:39,227 - data_analysis - INFO - 代码文件分析完成: 20 个库, 20 个包, 20 个函数
2025-08-21 17:33:39,231 - data_analysis - INFO - 分析结果已保存到: D:\ProJect\spiderGit\public\analytics\analysis_React.json
2025-08-21 17:33:39,231 - data_analysis - INFO - 数据分析完成！结果保存到: D:\ProJect\spiderGit\public\analytics\analysis_React.json
2025-08-21 17:33:49,109 - data_analysis - INFO - 使用数据库连接字符串: postgresql://postgres:114514@...
2025-08-21 17:33:49,225 - data_analysis - INFO - 从数据库加载关键词数据: ['React']
2025-08-21 17:33:49,328 - data_analysis - INFO - 从数据库加载了 60 个仓库数据
2025-08-21 17:33:49,332 - data_analysis - INFO - 成功加载 60 条数据
2025-08-21 17:33:49,332 - data_analysis - INFO - 开始生成分析报告...
2025-08-21 17:33:49,332 - data_analysis - INFO - 生成综合分析报告...
2025-08-21 17:33:49,332 - data_analysis - INFO - 开始分析编程语言分布...
2025-08-21 17:33:49,334 - data_analysis - INFO - 语言分析完成，发现 3 种语言
2025-08-21 17:33:49,334 - data_analysis - INFO - 开始分析主题标签分布...
2025-08-21 17:33:49,335 - data_analysis - INFO - 主题分析完成，发现 0 个主题
2025-08-21 17:33:49,335 - data_analysis - INFO - 开始分析星数分布...
2025-08-21 17:33:49,335 - data_analysis - INFO - 星数分析完成
2025-08-21 17:33:49,335 - data_analysis - INFO - 开始分析创建时间趋势...
2025-08-21 17:33:49,335 - data_analysis - INFO - 创建时间趋势分析完成
2025-08-21 17:33:49,335 - data_analysis - INFO - 开始分析仓库大小分布...
2025-08-21 17:33:49,335 - data_analysis - INFO - 开始分析代码文件数据...
2025-08-21 17:33:49,336 - data_analysis - INFO - 使用数据库连接字符串: postgresql://postgres:114514@...
2025-08-21 17:33:49,534 - data_analysis - INFO - 代码文件分析完成: 20 个库, 20 个包, 20 个函数
2025-08-21 17:33:49,535 - data_analysis - INFO - 生成综合分析报告...
2025-08-21 17:33:49,535 - data_analysis - INFO - 开始分析编程语言分布...
2025-08-21 17:33:49,535 - data_analysis - INFO - 语言分析完成，发现 3 种语言
2025-08-21 17:33:49,535 - data_analysis - INFO - 开始分析主题标签分布...
2025-08-21 17:33:49,535 - data_analysis - INFO - 主题分析完成，发现 0 个主题
2025-08-21 17:33:49,535 - data_analysis - INFO - 开始分析星数分布...
2025-08-21 17:33:49,535 - data_analysis - INFO - 星数分析完成
2025-08-21 17:33:49,535 - data_analysis - INFO - 开始分析创建时间趋势...
2025-08-21 17:33:49,536 - data_analysis - INFO - 创建时间趋势分析完成
2025-08-21 17:33:49,536 - data_analysis - INFO - 开始分析仓库大小分布...
2025-08-21 17:33:49,536 - data_analysis - INFO - 开始分析代码文件数据...
2025-08-21 17:33:49,536 - data_analysis - INFO - 使用数据库连接字符串: postgresql://postgres:114514@...
2025-08-21 17:33:49,719 - data_analysis - INFO - 代码文件分析完成: 20 个库, 20 个包, 20 个函数
2025-08-21 17:33:49,723 - data_analysis - INFO - 分析结果已保存到: D:\ProJect\spiderGit\public\analytics\analysis_React.json
2025-08-21 17:33:49,723 - data_analysis - INFO - 数据分析完成！结果保存到: D:\ProJect\spiderGit\public\analytics\analysis_React.json
2025-08-21 17:38:25,107 - data_analysis - INFO - 使用数据库连接字符串: postgresql://postgres:114514@...
2025-08-21 17:38:25,269 - data_analysis - INFO - 从数据库加载关键词数据: ['Cryptography API']
2025-08-21 17:38:25,378 - data_analysis - INFO - 从数据库加载了 81 个仓库数据
2025-08-21 17:38:25,383 - data_analysis - INFO - 成功加载 81 条数据
2025-08-21 17:38:25,383 - data_analysis - INFO - 开始生成分析报告...
2025-08-21 17:38:25,383 - data_analysis - INFO - 生成综合分析报告...
2025-08-21 17:38:25,383 - data_analysis - INFO - 开始分析编程语言分布...
2025-08-21 17:38:25,385 - data_analysis - INFO - 语言分析完成，发现 2 种语言
2025-08-21 17:38:25,385 - data_analysis - INFO - 开始分析主题标签分布...
2025-08-21 17:38:25,385 - data_analysis - INFO - 主题分析完成，发现 212 个主题
2025-08-21 17:38:25,386 - data_analysis - INFO - 开始分析星数分布...
2025-08-21 17:38:25,386 - data_analysis - INFO - 星数分析完成
2025-08-21 17:38:25,386 - data_analysis - INFO - 开始分析创建时间趋势...
2025-08-21 17:38:25,387 - data_analysis - INFO - 创建时间趋势分析完成
2025-08-21 17:38:25,387 - data_analysis - INFO - 开始分析仓库大小分布...
2025-08-21 17:38:25,387 - data_analysis - INFO - 开始分析代码文件数据...
2025-08-21 17:38:25,387 - data_analysis - INFO - 使用数据库连接字符串: postgresql://postgres:114514@...
2025-08-21 17:38:25,453 - data_analysis - INFO - 代码文件分析完成: 20 个库, 0 个包, 0 个函数
2025-08-21 17:38:25,453 - data_analysis - INFO - 生成综合分析报告...
2025-08-21 17:38:25,453 - data_analysis - INFO - 开始分析编程语言分布...
2025-08-21 17:38:25,453 - data_analysis - INFO - 语言分析完成，发现 2 种语言
2025-08-21 17:38:25,453 - data_analysis - INFO - 开始分析主题标签分布...
2025-08-21 17:38:25,454 - data_analysis - INFO - 主题分析完成，发现 212 个主题
2025-08-21 17:38:25,454 - data_analysis - INFO - 开始分析星数分布...
2025-08-21 17:38:25,454 - data_analysis - INFO - 星数分析完成
2025-08-21 17:38:25,454 - data_analysis - INFO - 开始分析创建时间趋势...
2025-08-21 17:38:25,454 - data_analysis - INFO - 创建时间趋势分析完成
2025-08-21 17:38:25,454 - data_analysis - INFO - 开始分析仓库大小分布...
2025-08-21 17:38:25,454 - data_analysis - INFO - 开始分析代码文件数据...
2025-08-21 17:38:25,455 - data_analysis - INFO - 使用数据库连接字符串: postgresql://postgres:114514@...
2025-08-21 17:38:25,531 - data_analysis - INFO - 代码文件分析完成: 20 个库, 0 个包, 0 个函数
2025-08-21 17:38:25,535 - data_analysis - INFO - 分析结果已保存到: D:\ProJect\spiderGit\public\analytics\analysis_Cryptography_API.json
2025-08-21 17:38:25,535 - data_analysis - INFO - 数据分析完成！结果保存到: D:\ProJect\spiderGit\public\analytics\analysis_Cryptography_API.json
2025-08-21 17:38:37,534 - data_analysis - INFO - 使用数据库连接字符串: postgresql://postgres:114514@...
2025-08-21 17:38:37,680 - data_analysis - INFO - 从数据库加载关键词数据: ['Financial API']
2025-08-21 17:38:37,799 - data_analysis - INFO - 从数据库加载了 80 个仓库数据
2025-08-21 17:38:37,804 - data_analysis - INFO - 成功加载 80 条数据
2025-08-21 17:38:37,805 - data_analysis - INFO - 开始生成分析报告...
2025-08-21 17:38:37,805 - data_analysis - INFO - 生成综合分析报告...
2025-08-21 17:38:37,805 - data_analysis - INFO - 开始分析编程语言分布...
2025-08-21 17:38:37,806 - data_analysis - INFO - 语言分析完成，发现 2 种语言
2025-08-21 17:38:37,806 - data_analysis - INFO - 开始分析主题标签分布...
2025-08-21 17:38:37,807 - data_analysis - INFO - 主题分析完成，发现 246 个主题
2025-08-21 17:38:37,807 - data_analysis - INFO - 开始分析星数分布...
2025-08-21 17:38:37,807 - data_analysis - INFO - 星数分析完成
2025-08-21 17:38:37,807 - data_analysis - INFO - 开始分析创建时间趋势...
2025-08-21 17:38:37,809 - data_analysis - INFO - 创建时间趋势分析完成
2025-08-21 17:38:37,809 - data_analysis - INFO - 开始分析仓库大小分布...
2025-08-21 17:38:37,809 - data_analysis - INFO - 开始分析代码文件数据...
2025-08-21 17:38:37,809 - data_analysis - INFO - 使用数据库连接字符串: postgresql://postgres:114514@...
2025-08-21 17:38:37,890 - data_analysis - INFO - 代码文件分析完成: 20 个库, 0 个包, 0 个函数
2025-08-21 17:38:37,891 - data_analysis - INFO - 生成综合分析报告...
2025-08-21 17:38:37,891 - data_analysis - INFO - 开始分析编程语言分布...
2025-08-21 17:38:37,891 - data_analysis - INFO - 语言分析完成，发现 2 种语言
2025-08-21 17:38:37,891 - data_analysis - INFO - 开始分析主题标签分布...
2025-08-21 17:38:37,891 - data_analysis - INFO - 主题分析完成，发现 246 个主题
2025-08-21 17:38:37,892 - data_analysis - INFO - 开始分析星数分布...
2025-08-21 17:38:37,892 - data_analysis - INFO - 星数分析完成
2025-08-21 17:38:37,892 - data_analysis - INFO - 开始分析创建时间趋势...
2025-08-21 17:38:37,892 - data_analysis - INFO - 创建时间趋势分析完成
2025-08-21 17:38:37,892 - data_analysis - INFO - 开始分析仓库大小分布...
2025-08-21 17:38:37,892 - data_analysis - INFO - 开始分析代码文件数据...
2025-08-21 17:38:37,892 - data_analysis - INFO - 使用数据库连接字符串: postgresql://postgres:114514@...
2025-08-21 17:38:37,963 - data_analysis - INFO - 代码文件分析完成: 20 个库, 0 个包, 0 个函数
2025-08-21 17:38:37,967 - data_analysis - INFO - 分析结果已保存到: D:\ProJect\spiderGit\public\analytics\analysis_Financial_API.json
2025-08-21 17:38:37,967 - data_analysis - INFO - 数据分析完成！结果保存到: D:\ProJect\spiderGit\public\analytics\analysis_Financial_API.json
2025-08-21 17:38:45,951 - data_analysis - INFO - 使用数据库连接字符串: postgresql://postgres:114514@...
2025-08-21 17:38:46,128 - data_analysis - INFO - 从数据库加载关键词数据: ['Video API']
2025-08-21 17:38:46,252 - data_analysis - INFO - 从数据库加载了 80 个仓库数据
2025-08-21 17:38:46,264 - data_analysis - INFO - 成功加载 80 条数据
2025-08-21 17:38:46,264 - data_analysis - INFO - 开始生成分析报告...
2025-08-21 17:38:46,264 - data_analysis - INFO - 生成综合分析报告...
2025-08-21 17:38:46,264 - data_analysis - INFO - 开始分析编程语言分布...
2025-08-21 17:38:46,267 - data_analysis - INFO - 语言分析完成，发现 2 种语言
2025-08-21 17:38:46,267 - data_analysis - INFO - 开始分析主题标签分布...
2025-08-21 17:38:46,269 - data_analysis - INFO - 主题分析完成，发现 335 个主题
2025-08-21 17:38:46,269 - data_analysis - INFO - 开始分析星数分布...
2025-08-21 17:38:46,269 - data_analysis - INFO - 星数分析完成
2025-08-21 17:38:46,269 - data_analysis - INFO - 开始分析创建时间趋势...
2025-08-21 17:38:46,269 - data_analysis - INFO - 创建时间趋势分析完成
2025-08-21 17:38:46,270 - data_analysis - INFO - 开始分析仓库大小分布...
2025-08-21 17:38:46,270 - data_analysis - INFO - 开始分析代码文件数据...
2025-08-21 17:38:46,270 - data_analysis - INFO - 使用数据库连接字符串: postgresql://postgres:114514@...
2025-08-21 17:38:46,386 - data_analysis - INFO - 代码文件分析完成: 20 个库, 0 个包, 0 个函数
2025-08-21 17:38:46,387 - data_analysis - INFO - 生成综合分析报告...
2025-08-21 17:38:46,388 - data_analysis - INFO - 开始分析编程语言分布...
2025-08-21 17:38:46,388 - data_analysis - INFO - 语言分析完成，发现 2 种语言
2025-08-21 17:38:46,388 - data_analysis - INFO - 开始分析主题标签分布...
2025-08-21 17:38:46,389 - data_analysis - INFO - 主题分析完成，发现 335 个主题
2025-08-21 17:38:46,389 - data_analysis - INFO - 开始分析星数分布...
2025-08-21 17:38:46,389 - data_analysis - INFO - 星数分析完成
2025-08-21 17:38:46,389 - data_analysis - INFO - 开始分析创建时间趋势...
2025-08-21 17:38:46,390 - data_analysis - INFO - 创建时间趋势分析完成
2025-08-21 17:38:46,390 - data_analysis - INFO - 开始分析仓库大小分布...
2025-08-21 17:38:46,390 - data_analysis - INFO - 开始分析代码文件数据...
2025-08-21 17:38:46,390 - data_analysis - INFO - 使用数据库连接字符串: postgresql://postgres:114514@...
2025-08-21 17:38:46,481 - data_analysis - INFO - 代码文件分析完成: 20 个库, 0 个包, 0 个函数
2025-08-21 17:38:46,487 - data_analysis - INFO - 分析结果已保存到: D:\ProJect\spiderGit\public\analytics\analysis_Video_API.json
2025-08-21 17:38:46,487 - data_analysis - INFO - 数据分析完成！结果保存到: D:\ProJect\spiderGit\public\analytics\analysis_Video_API.json
2025-08-21 17:39:33,046 - data_analysis - INFO - 使用数据库连接字符串: postgresql://postgres:114514@...
2025-08-21 17:39:33,294 - data_analysis - INFO - 从数据库加载关键词数据: ['Visual Recognition API']
2025-08-21 17:39:33,401 - data_analysis - INFO - 从数据库加载了 29 个仓库数据
2025-08-21 17:39:33,404 - data_analysis - INFO - 成功加载 29 条数据
2025-08-21 17:39:33,404 - data_analysis - INFO - 开始生成分析报告...
2025-08-21 17:39:33,404 - data_analysis - INFO - 生成综合分析报告...
2025-08-21 17:39:33,404 - data_analysis - INFO - 开始分析编程语言分布...
2025-08-21 17:39:33,405 - data_analysis - INFO - 语言分析完成，发现 2 种语言
2025-08-21 17:39:33,406 - data_analysis - INFO - 开始分析主题标签分布...
2025-08-21 17:39:33,406 - data_analysis - INFO - 主题分析完成，发现 17 个主题
2025-08-21 17:39:33,406 - data_analysis - INFO - 开始分析星数分布...
2025-08-21 17:39:33,406 - data_analysis - INFO - 星数分析完成
2025-08-21 17:39:33,406 - data_analysis - INFO - 开始分析创建时间趋势...
2025-08-21 17:39:33,406 - data_analysis - INFO - 创建时间趋势分析完成
2025-08-21 17:39:33,406 - data_analysis - INFO - 开始分析仓库大小分布...
2025-08-21 17:39:33,406 - data_analysis - INFO - 开始分析代码文件数据...
2025-08-21 17:39:33,407 - data_analysis - INFO - 使用数据库连接字符串: postgresql://postgres:114514@...
2025-08-21 17:39:33,477 - data_analysis - INFO - 代码文件分析完成: 20 个库, 0 个包, 0 个函数
2025-08-21 17:39:33,478 - data_analysis - INFO - 生成综合分析报告...
2025-08-21 17:39:33,478 - data_analysis - INFO - 开始分析编程语言分布...
2025-08-21 17:39:33,478 - data_analysis - INFO - 语言分析完成，发现 2 种语言
2025-08-21 17:39:33,478 - data_analysis - INFO - 开始分析主题标签分布...
2025-08-21 17:39:33,478 - data_analysis - INFO - 主题分析完成，发现 17 个主题
2025-08-21 17:39:33,478 - data_analysis - INFO - 开始分析星数分布...
2025-08-21 17:39:33,478 - data_analysis - INFO - 星数分析完成
2025-08-21 17:39:33,478 - data_analysis - INFO - 开始分析创建时间趋势...
2025-08-21 17:39:33,479 - data_analysis - INFO - 创建时间趋势分析完成
2025-08-21 17:39:33,479 - data_analysis - INFO - 开始分析仓库大小分布...
2025-08-21 17:39:33,479 - data_analysis - INFO - 开始分析代码文件数据...
2025-08-21 17:39:33,479 - data_analysis - INFO - 使用数据库连接字符串: postgresql://postgres:114514@...
2025-08-21 17:39:33,543 - data_analysis - INFO - 代码文件分析完成: 20 个库, 0 个包, 0 个函数
2025-08-21 17:39:33,545 - data_analysis - INFO - 分析结果已保存到: D:\ProJect\spiderGit\public\analytics\analysis_Visual_Recognition_API.json
2025-08-21 17:39:33,545 - data_analysis - INFO - 数据分析完成！结果保存到: D:\ProJect\spiderGit\public\analytics\analysis_Visual_Recognition_API.json
2025-08-21 17:39:37,150 - data_analysis - INFO - 使用数据库连接字符串: postgresql://postgres:114514@...
2025-08-21 17:39:37,271 - data_analysis - INFO - 从数据库加载关键词数据: ['Visual Recognition API']
2025-08-21 17:39:37,366 - data_analysis - INFO - 从数据库加载了 29 个仓库数据
2025-08-21 17:39:37,371 - data_analysis - INFO - 成功加载 29 条数据
2025-08-21 17:39:37,371 - data_analysis - INFO - 开始生成分析报告...
2025-08-21 17:39:37,371 - data_analysis - INFO - 生成综合分析报告...
2025-08-21 17:39:37,371 - data_analysis - INFO - 开始分析编程语言分布...
2025-08-21 17:39:37,373 - data_analysis - INFO - 语言分析完成，发现 2 种语言
2025-08-21 17:39:37,373 - data_analysis - INFO - 开始分析主题标签分布...
2025-08-21 17:39:37,373 - data_analysis - INFO - 主题分析完成，发现 17 个主题
2025-08-21 17:39:37,373 - data_analysis - INFO - 开始分析星数分布...
2025-08-21 17:39:37,373 - data_analysis - INFO - 星数分析完成
2025-08-21 17:39:37,374 - data_analysis - INFO - 开始分析创建时间趋势...
2025-08-21 17:39:37,374 - data_analysis - INFO - 创建时间趋势分析完成
2025-08-21 17:39:37,374 - data_analysis - INFO - 开始分析仓库大小分布...
2025-08-21 17:39:37,374 - data_analysis - INFO - 开始分析代码文件数据...
2025-08-21 17:39:37,374 - data_analysis - INFO - 使用数据库连接字符串: postgresql://postgres:114514@...
2025-08-21 17:39:37,482 - data_analysis - INFO - 代码文件分析完成: 20 个库, 0 个包, 0 个函数
2025-08-21 17:39:37,483 - data_analysis - INFO - 生成综合分析报告...
2025-08-21 17:39:37,483 - data_analysis - INFO - 开始分析编程语言分布...
2025-08-21 17:39:37,483 - data_analysis - INFO - 语言分析完成，发现 2 种语言
2025-08-21 17:39:37,483 - data_analysis - INFO - 开始分析主题标签分布...
2025-08-21 17:39:37,484 - data_analysis - INFO - 主题分析完成，发现 17 个主题
2025-08-21 17:39:37,484 - data_analysis - INFO - 开始分析星数分布...
2025-08-21 17:39:37,484 - data_analysis - INFO - 星数分析完成
2025-08-21 17:39:37,484 - data_analysis - INFO - 开始分析创建时间趋势...
2025-08-21 17:39:37,485 - data_analysis - INFO - 创建时间趋势分析完成
2025-08-21 17:39:37,485 - data_analysis - INFO - 开始分析仓库大小分布...
2025-08-21 17:39:37,485 - data_analysis - INFO - 开始分析代码文件数据...
2025-08-21 17:39:37,485 - data_analysis - INFO - 使用数据库连接字符串: postgresql://postgres:114514@...
2025-08-21 17:39:37,602 - data_analysis - INFO - 代码文件分析完成: 20 个库, 0 个包, 0 个函数
2025-08-21 17:39:37,605 - data_analysis - INFO - 分析结果已保存到: D:\ProJect\spiderGit\public\analytics\analysis_Visual_Recognition_API.json
2025-08-21 17:39:37,606 - data_analysis - INFO - 数据分析完成！结果保存到: D:\ProJect\spiderGit\public\analytics\analysis_Visual_Recognition_API.json
2025-08-21 17:44:11,684 - data_analysis - INFO - 使用数据库连接字符串: postgresql://postgres:114514@...
2025-08-21 17:44:11,914 - data_analysis - INFO - 从数据库加载关键词数据: ['maimai']
2025-08-21 17:44:12,034 - data_analysis - INFO - 从数据库加载了 120 个仓库数据
2025-08-21 17:44:12,041 - data_analysis - INFO - 成功加载 120 条数据
2025-08-21 17:44:12,042 - data_analysis - INFO - 开始生成分析报告...
2025-08-21 17:44:12,042 - data_analysis - INFO - 生成综合分析报告...
2025-08-21 17:44:12,042 - data_analysis - INFO - 开始分析编程语言分布...
2025-08-21 17:44:12,045 - data_analysis - INFO - 语言分析完成，发现 4 种语言
2025-08-21 17:44:12,045 - data_analysis - INFO - 开始分析主题标签分布...
2025-08-21 17:44:12,046 - data_analysis - INFO - 主题分析完成，发现 29 个主题
2025-08-21 17:44:12,046 - data_analysis - INFO - 开始分析星数分布...
2025-08-21 17:44:12,046 - data_analysis - INFO - 星数分析完成
2025-08-21 17:44:12,046 - data_analysis - INFO - 开始分析创建时间趋势...
2025-08-21 17:44:12,048 - data_analysis - INFO - 创建时间趋势分析完成
2025-08-21 17:44:12,048 - data_analysis - INFO - 开始分析仓库大小分布...
2025-08-21 17:44:12,048 - data_analysis - INFO - 开始分析代码文件数据...
2025-08-21 17:44:12,049 - data_analysis - INFO - 使用数据库连接字符串: postgresql://postgres:114514@...
2025-08-21 17:44:12,171 - data_analysis - INFO - 代码文件分析完成: 20 个库, 20 个包, 20 个函数
2025-08-21 17:44:12,173 - data_analysis - INFO - 生成综合分析报告...
2025-08-21 17:44:12,173 - data_analysis - INFO - 开始分析编程语言分布...
2025-08-21 17:44:12,173 - data_analysis - INFO - 语言分析完成，发现 4 种语言
2025-08-21 17:44:12,174 - data_analysis - INFO - 开始分析主题标签分布...
2025-08-21 17:44:12,174 - data_analysis - INFO - 主题分析完成，发现 29 个主题
2025-08-21 17:44:12,174 - data_analysis - INFO - 开始分析星数分布...
2025-08-21 17:44:12,174 - data_analysis - INFO - 星数分析完成
2025-08-21 17:44:12,174 - data_analysis - INFO - 开始分析创建时间趋势...
2025-08-21 17:44:12,176 - data_analysis - INFO - 创建时间趋势分析完成
2025-08-21 17:44:12,176 - data_analysis - INFO - 开始分析仓库大小分布...
2025-08-21 17:44:12,176 - data_analysis - INFO - 开始分析代码文件数据...
2025-08-21 17:44:12,176 - data_analysis - INFO - 使用数据库连接字符串: postgresql://postgres:114514@...
2025-08-21 17:44:12,474 - data_analysis - INFO - 代码文件分析完成: 20 个库, 20 个包, 20 个函数
2025-08-21 17:44:12,487 - data_analysis - INFO - 分析结果已保存到: D:\ProJect\spiderGit\public\analytics\analysis_maimai.json
2025-08-21 17:44:12,488 - data_analysis - INFO - 数据分析完成！结果保存到: D:\ProJect\spiderGit\public\analytics\analysis_maimai.json
